<?xml version="1.0" encoding="UTF-8" ?>
<testsuites>
  <testsuite errors="0" failures="0" hostname="SlipStream" id="0" name="ProjectsControllerSpec" package="com.tribal" tests="4" time="12.8" timestamp="2015-07-30T13:00:34">
      <properties />

      <testcase classname="com.tribal.ProjectsControllerSpec" name="test index" time="11.383" />

      <testcase classname="com.tribal.ProjectsControllerSpec" name="test overView" time="0.264" />

      <testcase classname="com.tribal.ProjectsControllerSpec" name="test add project" time="0.735" />

      <testcase classname="com.tribal.ProjectsControllerSpec" name="test edit" time="0.273" />

      <system-out><![CDATA[--Output from test index--
--Output from test overView--
--Output from test add project--
--Output from test edit--
stuff is null
]]></system-out>

      <system-err><![CDATA[--Output from test index--
--Output from test overView--
--Output from test add project--
--Output from test edit--
]]></system-err>

  </testsuite>
</testsuites>
